c:\users\lemyd\onedrive\documentos\prograava\diseñosapi\diseñoswinapi\diseñoswinapi\x64\debug\vc143.pdb
c:\users\lemyd\onedrive\documentos\prograava\diseñosapi\diseñoswinapi\diseñoswinapi\x64\debug\vc143.idb
c:\users\lemyd\onedrive\documentos\prograava\diseñosapi\diseñoswinapi\diseñoswinapi\x64\debug\diseñoswinapi.obj
c:\users\lemyd\onedrive\documentos\prograava\diseñosapi\diseñoswinapi\diseñoswinapi\x64\debug\diseñoswinapi.res
c:\users\lemyd\onedrive\documentos\prograava\diseñosapi\diseñoswinapi\x64\debug\diseñoswinapi.pdb
c:\users\lemyd\onedrive\documentos\prograava\diseñosapi\diseñoswinapi\diseñoswinapi\x64\debug\diseñoswinapi.tlog\cl.command.1.tlog
c:\users\lemyd\onedrive\documentos\prograava\diseñosapi\diseñoswinapi\diseñoswinapi\x64\debug\diseñoswinapi.tlog\cl.items.tlog
c:\users\lemyd\onedrive\documentos\prograava\diseñosapi\diseñoswinapi\diseñoswinapi\x64\debug\diseñoswinapi.tlog\cl.read.1.tlog
c:\users\lemyd\onedrive\documentos\prograava\diseñosapi\diseñoswinapi\diseñoswinapi\x64\debug\diseñoswinapi.tlog\cl.write.1.tlog
c:\users\lemyd\onedrive\documentos\prograava\diseñosapi\diseñoswinapi\diseñoswinapi\x64\debug\diseñoswinapi.tlog\link.12608-cvtres.read.1.tlog
c:\users\lemyd\onedrive\documentos\prograava\diseñosapi\diseñoswinapi\diseñoswinapi\x64\debug\diseñoswinapi.tlog\link.12608-cvtres.write.1.tlog
c:\users\lemyd\onedrive\documentos\prograava\diseñosapi\diseñoswinapi\diseñoswinapi\x64\debug\diseñoswinapi.tlog\link.12608-rc.read.1.tlog
c:\users\lemyd\onedrive\documentos\prograava\diseñosapi\diseñoswinapi\diseñoswinapi\x64\debug\diseñoswinapi.tlog\link.12608-rc.write.1.tlog
c:\users\lemyd\onedrive\documentos\prograava\diseñosapi\diseñoswinapi\diseñoswinapi\x64\debug\diseñoswinapi.tlog\link.12608.read.1.tlog
c:\users\lemyd\onedrive\documentos\prograava\diseñosapi\diseñoswinapi\diseñoswinapi\x64\debug\diseñoswinapi.tlog\link.12608.read.2.tlog
c:\users\lemyd\onedrive\documentos\prograava\diseñosapi\diseñoswinapi\diseñoswinapi\x64\debug\diseñoswinapi.tlog\link.12608.write.1.tlog
c:\users\lemyd\onedrive\documentos\prograava\diseñosapi\diseñoswinapi\diseñoswinapi\x64\debug\diseñoswinapi.tlog\link.command.1.tlog
c:\users\lemyd\onedrive\documentos\prograava\diseñosapi\diseñoswinapi\diseñoswinapi\x64\debug\diseñoswinapi.tlog\link.read.1.tlog
c:\users\lemyd\onedrive\documentos\prograava\diseñosapi\diseñoswinapi\diseñoswinapi\x64\debug\diseñoswinapi.tlog\link.write.1.tlog
c:\users\lemyd\onedrive\documentos\prograava\diseñosapi\diseñoswinapi\diseñoswinapi\x64\debug\diseñoswinapi.tlog\rc.command.1.tlog
c:\users\lemyd\onedrive\documentos\prograava\diseñosapi\diseñoswinapi\diseñoswinapi\x64\debug\diseñoswinapi.tlog\rc.read.1.tlog
c:\users\lemyd\onedrive\documentos\prograava\diseñosapi\diseñoswinapi\diseñoswinapi\x64\debug\diseñoswinapi.tlog\rc.write.1.tlog
